============================================================
Databricks Run Monitor
============================================================
Monitoring run 805674989503307...
Poll interval: 30s
Max wait time: 15 minutes

============================================================
Run ID: 805674989503307
Run Name: Commodity ETL Setup - Bronze Layer
============================================================

Status: RUNNING
Message: In run
Started: 2025-10-30 00:11:44
Ended: 1969-12-31 16:00:00
Duration: -29363471.74 minutes

Tasks:
  - Commodity_ETL_Setup_-_Bronze_Layer: RUNNING 

View full output: https://dbc-fd7b00f3-7a6d.cloud.databricks.com/#job/runs/805674989503307

Waiting 30s before next check...

============================================================
Run ID: 805674989503307
Run Name: Commodity ETL Setup - Bronze Layer
============================================================

Status: RUNNING
Message: In run
Started: 2025-10-30 00:11:44
Ended: 1969-12-31 16:00:00
Duration: -29363471.74 minutes

Tasks:
  - Commodity_ETL_Setup_-_Bronze_Layer: RUNNING 

View full output: https://dbc-fd7b00f3-7a6d.cloud.databricks.com/#job/runs/805674989503307

Waiting 30s before next check...

============================================================
Run ID: 805674989503307
Run Name: Commodity ETL Setup - Bronze Layer
============================================================

Status: RUNNING
Message: In run
Started: 2025-10-30 00:11:44
Ended: 1969-12-31 16:00:00
Duration: -29363471.74 minutes

Tasks:
  - Commodity_ETL_Setup_-_Bronze_Layer: RUNNING 

View full output: https://dbc-fd7b00f3-7a6d.cloud.databricks.com/#job/runs/805674989503307

Waiting 30s before next check...

============================================================
Run ID: 805674989503307
Run Name: Commodity ETL Setup - Bronze Layer
============================================================

Status: RUNNING
Message: In run
Started: 2025-10-30 00:11:44
Ended: 1969-12-31 16:00:00
Duration: -29363471.74 minutes

Tasks:
  - Commodity_ETL_Setup_-_Bronze_Layer: RUNNING 

View full output: https://dbc-fd7b00f3-7a6d.cloud.databricks.com/#job/runs/805674989503307

Waiting 30s before next check...

============================================================
Run ID: 805674989503307
Run Name: Commodity ETL Setup - Bronze Layer
============================================================

Status: RUNNING
Message: In run
Started: 2025-10-30 00:11:44
Ended: 1969-12-31 16:00:00
Duration: -29363471.74 minutes

Tasks:
  - Commodity_ETL_Setup_-_Bronze_Layer: RUNNING 

View full output: https://dbc-fd7b00f3-7a6d.cloud.databricks.com/#job/runs/805674989503307

Waiting 30s before next check...

============================================================
Run ID: 805674989503307
Run Name: Commodity ETL Setup - Bronze Layer
============================================================

Status: RUNNING
Message: In run
Started: 2025-10-30 00:11:44
Ended: 1969-12-31 16:00:00
Duration: -29363471.74 minutes

Tasks:
  - Commodity_ETL_Setup_-_Bronze_Layer: RUNNING 

View full output: https://dbc-fd7b00f3-7a6d.cloud.databricks.com/#job/runs/805674989503307

Waiting 30s before next check...

============================================================
Run ID: 805674989503307
Run Name: Commodity ETL Setup - Bronze Layer
============================================================

Status: RUNNING
Message: In run
Started: 2025-10-30 00:11:44
Ended: 1969-12-31 16:00:00
Duration: -29363471.74 minutes

Tasks:
  - Commodity_ETL_Setup_-_Bronze_Layer: RUNNING 

View full output: https://dbc-fd7b00f3-7a6d.cloud.databricks.com/#job/runs/805674989503307

Waiting 30s before next check...

============================================================
Run ID: 805674989503307
Run Name: Commodity ETL Setup - Bronze Layer
============================================================

Status: RUNNING
Message: In run
Started: 2025-10-30 00:11:44
Ended: 1969-12-31 16:00:00
Duration: -29363471.74 minutes

Tasks:
  - Commodity_ETL_Setup_-_Bronze_Layer: RUNNING 

View full output: https://dbc-fd7b00f3-7a6d.cloud.databricks.com/#job/runs/805674989503307

Waiting 30s before next check...

============================================================
Run ID: 805674989503307
Run Name: Commodity ETL Setup - Bronze Layer
============================================================

Status: RUNNING
Message: In run
Started: 2025-10-30 00:11:44
Ended: 1969-12-31 16:00:00
Duration: -29363471.74 minutes

Tasks:
  - Commodity_ETL_Setup_-_Bronze_Layer: RUNNING 

View full output: https://dbc-fd7b00f3-7a6d.cloud.databricks.com/#job/runs/805674989503307

Waiting 30s before next check...

============================================================
Run ID: 805674989503307
Run Name: Commodity ETL Setup - Bronze Layer
============================================================

Status: RUNNING
Message: In run
Started: 2025-10-30 00:11:44
Ended: 1969-12-31 16:00:00
Duration: -29363471.74 minutes

Tasks:
  - Commodity_ETL_Setup_-_Bronze_Layer: RUNNING 

View full output: https://dbc-fd7b00f3-7a6d.cloud.databricks.com/#job/runs/805674989503307

Waiting 30s before next check...

============================================================
Run ID: 805674989503307
Run Name: Commodity ETL Setup - Bronze Layer
============================================================

Status: RUNNING
Message: In run
Started: 2025-10-30 00:11:44
Ended: 1969-12-31 16:00:00
Duration: -29363471.74 minutes

Tasks:
  - Commodity_ETL_Setup_-_Bronze_Layer: RUNNING 

View full output: https://dbc-fd7b00f3-7a6d.cloud.databricks.com/#job/runs/805674989503307

Waiting 30s before next check...

============================================================
Run ID: 805674989503307
Run Name: Commodity ETL Setup - Bronze Layer
============================================================

Status: RUNNING
Message: In run
Started: 2025-10-30 00:11:44
Ended: 1969-12-31 16:00:00
Duration: -29363471.74 minutes

Tasks:
  - Commodity_ETL_Setup_-_Bronze_Layer: RUNNING 

View full output: https://dbc-fd7b00f3-7a6d.cloud.databricks.com/#job/runs/805674989503307

Waiting 30s before next check...

============================================================
Run ID: 805674989503307
Run Name: Commodity ETL Setup - Bronze Layer
============================================================

Status: RUNNING
Message: In run
Started: 2025-10-30 00:11:44
Ended: 1969-12-31 16:00:00
Duration: -29363471.74 minutes

Tasks:
  - Commodity_ETL_Setup_-_Bronze_Layer: RUNNING 

View full output: https://dbc-fd7b00f3-7a6d.cloud.databricks.com/#job/runs/805674989503307

Waiting 30s before next check...

============================================================
Run ID: 805674989503307
Run Name: Commodity ETL Setup - Bronze Layer
============================================================

Status: RUNNING
Message: In run
Started: 2025-10-30 00:11:44
Ended: 1969-12-31 16:00:00
Duration: -29363471.74 minutes

Tasks:
  - Commodity_ETL_Setup_-_Bronze_Layer: RUNNING 

View full output: https://dbc-fd7b00f3-7a6d.cloud.databricks.com/#job/runs/805674989503307

Waiting 30s before next check...

============================================================
Run ID: 805674989503307
Run Name: Commodity ETL Setup - Bronze Layer
============================================================

Status: RUNNING
Message: In run
Started: 2025-10-30 00:11:44
Ended: 1969-12-31 16:00:00
Duration: -29363471.74 minutes

Tasks:
  - Commodity_ETL_Setup_-_Bronze_Layer: RUNNING 

View full output: https://dbc-fd7b00f3-7a6d.cloud.databricks.com/#job/runs/805674989503307

Waiting 30s before next check...

============================================================
Run ID: 805674989503307
Run Name: Commodity ETL Setup - Bronze Layer
============================================================

Status: RUNNING
Message: In run
Started: 2025-10-30 00:11:44
Ended: 1969-12-31 16:00:00
Duration: -29363471.74 minutes

Tasks:
  - Commodity_ETL_Setup_-_Bronze_Layer: RUNNING 

View full output: https://dbc-fd7b00f3-7a6d.cloud.databricks.com/#job/runs/805674989503307

Waiting 30s before next check...

============================================================
Run ID: 805674989503307
Run Name: Commodity ETL Setup - Bronze Layer
============================================================

Status: RUNNING
Message: In run
Started: 2025-10-30 00:11:44
Ended: 1969-12-31 16:00:00
Duration: -29363471.74 minutes

Tasks:
  - Commodity_ETL_Setup_-_Bronze_Layer: RUNNING 

View full output: https://dbc-fd7b00f3-7a6d.cloud.databricks.com/#job/runs/805674989503307

Waiting 30s before next check...

============================================================
Run ID: 805674989503307
Run Name: Commodity ETL Setup - Bronze Layer
============================================================

Status: RUNNING
Message: In run
Started: 2025-10-30 00:11:44
Ended: 1969-12-31 16:00:00
Duration: -29363471.74 minutes

Tasks:
  - Commodity_ETL_Setup_-_Bronze_Layer: RUNNING 

View full output: https://dbc-fd7b00f3-7a6d.cloud.databricks.com/#job/runs/805674989503307

Waiting 30s before next check...

============================================================
Run ID: 805674989503307
Run Name: Commodity ETL Setup - Bronze Layer
============================================================

Status: TERMINATED
Result: FAILED
Message: Workload failed, see run output for details
Started: 2025-10-30 00:11:44
Ended: 2025-10-30 00:22:27
Duration: 10.73 minutes

Tasks:
  - Commodity_ETL_Setup_-_Bronze_Layer: TERMINATED FAILED

View full output: https://dbc-fd7b00f3-7a6d.cloud.databricks.com/#job/runs/805674989503307

✗ Run failed with state: FAILED

============================================================
Setup Failed
============================================================

Troubleshooting:
1. Check the Databricks UI for error details
2. Verify S3 bucket access (groundtruth-capstone)
3. Ensure cluster has S3 instance profile
4. Review notebook logs in Databricks
